<?xml version="1.0" encoding="UTF-8"?>
<testng-results ignored="0" total="2" passed="2" failed="0" skipped="0">
  <reporter-output>
  </reporter-output>
  <suite started-at="2020-12-24T12:42:03Z" name="Default suite" finished-at="2020-12-24T12:43:37Z" duration-ms="94067">
    <groups>
    </groups>
    <test started-at="2020-12-24T12:42:03Z" name="Default test" finished-at="2020-12-24T12:43:37Z" duration-ms="94067">
      <class name="testcases.testrun">
        <test-method signature="sprint(java.lang.String, java.lang.String)[pri:0, instance:testcases.testrun@15bb5034]" started-at="2020-12-24T12:42:04Z" name="sprint" data-provider="logindata" finished-at="2020-12-24T12:43:07Z" duration-ms="63163" status="PASS">
          <params>
            <param index="0">
              <value>
                <![CDATA[sanjay.r+24dectest@expressexcise.com]]>
              </value>
            </param>
            <param index="1">
              <value>
                <![CDATA[Spanindia@123]]>
              </value>
            </param>
          </params>
          <reporter-output>
          </reporter-output>
        </test-method> <!-- sprint -->
        <test-method signature="sprint(java.lang.String, java.lang.String)[pri:0, instance:testcases.testrun@15bb5034]" started-at="2020-12-24T12:43:07Z" name="sprint" data-provider="logindata" finished-at="2020-12-24T12:43:37Z" duration-ms="29528" status="PASS">
          <params>
            <param index="0">
              <value>
                <![CDATA[sanjay.r+24dectest1@expressexcise.com]]>
              </value>
            </param>
            <param index="1">
              <value>
                <![CDATA[Spanindia@123]]>
              </value>
            </param>
          </params>
          <reporter-output>
          </reporter-output>
        </test-method> <!-- sprint -->
      </class> <!-- testcases.testrun -->
    </test> <!-- Default test -->
  </suite> <!-- Default suite -->
</testng-results>
