<?xml version="1.0" encoding="UTF-8"?>
<testng-results ignored="0" total="1" passed="1" failed="0" skipped="0">
  <reporter-output>
  </reporter-output>
  <suite started-at="2020-12-15T07:57:56Z" name="Default suite" finished-at="2020-12-15T07:58:38Z" duration-ms="42101">
    <groups>
    </groups>
    <test started-at="2020-12-15T07:57:56Z" name="Default test" finished-at="2020-12-15T07:58:38Z" duration-ms="42101">
      <class name="Maven.CrossBrow.crossbrowsing">
        <test-method is-config="true" signature="beforeTest()[pri:0, instance:Maven.CrossBrow.crossbrowsing@f78a47e]" started-at="2020-12-15T07:57:56Z" name="beforeTest" finished-at="2020-12-15T07:58:06Z" duration-ms="10175" status="PASS">
          <reporter-output>
          </reporter-output>
        </test-method> <!-- beforeTest -->
        <test-method signature="f()[pri:0, instance:Maven.CrossBrow.crossbrowsing@f78a47e]" started-at="2020-12-15T07:58:06Z" name="f" finished-at="2020-12-15T07:58:38Z" duration-ms="31854" status="PASS">
          <reporter-output>
          </reporter-output>
        </test-method> <!-- f -->
        <test-method is-config="true" signature="afterTest()[pri:0, instance:Maven.CrossBrow.crossbrowsing@f78a47e]" started-at="2020-12-15T07:58:38Z" name="afterTest" finished-at="2020-12-15T07:58:38Z" duration-ms="0" status="PASS">
          <reporter-output>
          </reporter-output>
        </test-method> <!-- afterTest -->
      </class> <!-- Maven.CrossBrow.crossbrowsing -->
    </test> <!-- Default test -->
  </suite> <!-- Default suite -->
</testng-results>
